<?xml version="1.0" encoding="UTF-8"?>
<!-- Generated by org.testng.reporters.JUnitReportReporter -->
<testsuite hostname="Manish" failures="0" tests="1" name="cucumber.Options.RunnerFile" time="8.389" errors="0" timestamp="2024-12-05T18:00:06 IST" skipped="0">
  <testcase classname="cucumber.Options.RunnerFile" name="runScenario" time="8.389"/>
  <system-out/>
</testsuite> <!-- cucumber.Options.RunnerFile -->
